2022/03/09 22:35:00 [notice] 1#1: using the "epoll" event method
2022/03/09 22:35:00 [notice] 1#1: nginx/1.21.6
2022/03/09 22:35:00 [notice] 1#1: built by gcc 10.2.1 20210110 (Debian 10.2.1-6) 
2022/03/09 22:35:00 [notice] 1#1: OS: Linux 5.4.0-96-generic
2022/03/09 22:35:00 [notice] 1#1: getrlimit(RLIMIT_NOFILE): 1048576:1048576
2022/03/09 22:35:00 [notice] 1#1: start worker processes
2022/03/09 22:35:00 [notice] 1#1: start worker process 31
2022/03/09 22:35:00 [notice] 1#1: start worker process 32
2022/03/09 22:37:00 [error] 31#31: *1 open() "/usr/share/nginx/html/favicon.ico" failed (2: No such file or directory), client: 185.91.253.50, server: localhost, request: "GET /favicon.ico HTTP/1.1", host: "51.250.12.104:9889", referrer: "http://51.250.12.104:9889/"
2022/03/09 22:48:51 [notice] 1#1: signal 3 (SIGQUIT) received, shutting down
2022/03/09 22:48:51 [notice] 31#31: gracefully shutting down
2022/03/09 22:48:51 [notice] 31#31: exiting
2022/03/09 22:48:51 [notice] 31#31: exit
2022/03/09 22:48:51 [notice] 32#32: gracefully shutting down
2022/03/09 22:48:51 [notice] 32#32: exiting
2022/03/09 22:48:51 [notice] 32#32: exit
2022/03/09 22:48:51 [notice] 1#1: signal 17 (SIGCHLD) received from 31
2022/03/09 22:48:51 [notice] 1#1: worker process 31 exited with code 0
2022/03/09 22:48:51 [notice] 1#1: signal 29 (SIGIO) received
2022/03/09 22:48:51 [notice] 1#1: signal 17 (SIGCHLD) received from 32
2022/03/09 22:48:51 [notice] 1#1: worker process 32 exited with code 0
2022/03/09 22:48:51 [notice] 1#1: exit
2022/03/09 22:53:21 [notice] 1#1: using the "epoll" event method
2022/03/09 22:53:21 [notice] 1#1: nginx/1.21.6
2022/03/09 22:53:21 [notice] 1#1: built by gcc 10.2.1 20210110 (Debian 10.2.1-6) 
2022/03/09 22:53:21 [notice] 1#1: OS: Linux 5.4.0-96-generic
2022/03/09 22:53:21 [notice] 1#1: getrlimit(RLIMIT_NOFILE): 1048576:1048576
2022/03/09 22:53:21 [notice] 1#1: start worker processes
2022/03/09 22:53:21 [notice] 1#1: start worker process 31
2022/03/09 22:53:21 [notice] 1#1: start worker process 32
2022/03/09 23:00:40 [notice] 1#1: signal 3 (SIGQUIT) received, shutting down
2022/03/09 23:00:40 [notice] 31#31: gracefully shutting down
2022/03/09 23:00:40 [notice] 31#31: exiting
2022/03/09 23:00:40 [notice] 31#31: exit
2022/03/09 23:00:40 [notice] 32#32: gracefully shutting down
2022/03/09 23:00:40 [notice] 32#32: exiting
2022/03/09 23:00:40 [notice] 32#32: exit
2022/03/09 23:00:40 [notice] 1#1: signal 17 (SIGCHLD) received from 31
2022/03/09 23:00:40 [notice] 1#1: worker process 31 exited with code 0
2022/03/09 23:00:40 [notice] 1#1: worker process 32 exited with code 0
2022/03/09 23:00:40 [notice] 1#1: exit
2022/03/09 23:22:56 [notice] 1#1: using the "epoll" event method
2022/03/09 23:22:56 [notice] 1#1: nginx/1.21.6
2022/03/09 23:22:56 [notice] 1#1: built by gcc 10.2.1 20210110 (Debian 10.2.1-6) 
2022/03/09 23:22:56 [notice] 1#1: OS: Linux 5.4.0-96-generic
2022/03/09 23:22:56 [notice] 1#1: getrlimit(RLIMIT_NOFILE): 1048576:1048576
2022/03/09 23:22:56 [notice] 1#1: start worker processes
2022/03/09 23:22:56 [notice] 1#1: start worker process 31
2022/03/09 23:22:56 [notice] 1#1: start worker process 32
2022/03/09 23:23:24 [error] 32#32: *1 open() "/usr/share/nginx/html/index.html" failed (2: No such file or directory), client: 185.91.253.50, server: localhost, request: "GET /index.html HTTP/1.1", host: "51.250.12.104:9889"
2022/03/09 23:40:54 [notice] 1#1: signal 3 (SIGQUIT) received, shutting down
2022/03/09 23:40:54 [notice] 32#32: gracefully shutting down
2022/03/09 23:40:54 [notice] 31#31: gracefully shutting down
2022/03/09 23:40:54 [notice] 32#32: exiting
2022/03/09 23:40:54 [notice] 31#31: exiting
2022/03/09 23:40:54 [notice] 32#32: exit
2022/03/09 23:40:54 [notice] 31#31: exit
2022/03/09 23:40:54 [notice] 1#1: signal 17 (SIGCHLD) received from 31
2022/03/09 23:40:54 [notice] 1#1: worker process 31 exited with code 0
2022/03/09 23:40:54 [notice] 1#1: worker process 32 exited with code 0
2022/03/09 23:40:54 [notice] 1#1: exit
2022/03/09 23:40:55 [emerg] 1#1: unexpected end of file, expecting "}" in /etc/nginx/conf.d/default.conf:20
2022/03/09 23:41:29 [notice] 1#1: using the "epoll" event method
2022/03/09 23:41:29 [notice] 1#1: nginx/1.21.6
2022/03/09 23:41:29 [notice] 1#1: built by gcc 10.2.1 20210110 (Debian 10.2.1-6) 
2022/03/09 23:41:29 [notice] 1#1: OS: Linux 5.4.0-96-generic
2022/03/09 23:41:29 [notice] 1#1: getrlimit(RLIMIT_NOFILE): 1048576:1048576
2022/03/09 23:41:29 [notice] 1#1: start worker processes
2022/03/09 23:41:29 [notice] 1#1: start worker process 23
2022/03/09 23:41:29 [notice] 1#1: start worker process 24
2022/03/09 23:41:40 [error] 23#23: *1 open() "/var/www/html/index.html" failed (2: No such file or directory), client: 185.91.253.50, server: localhost, request: "GET /index.html HTTP/1.1", host: "51.250.12.104:9889"
2022/03/09 23:42:13 [notice] 1#1: signal 3 (SIGQUIT) received, shutting down
2022/03/09 23:42:13 [notice] 23#23: gracefully shutting down
2022/03/09 23:42:13 [notice] 24#24: gracefully shutting down
2022/03/09 23:42:13 [notice] 24#24: exiting
2022/03/09 23:42:13 [notice] 23#23: exiting
2022/03/09 23:42:13 [notice] 24#24: exit
2022/03/09 23:42:13 [notice] 23#23: exit
2022/03/09 23:42:13 [notice] 1#1: signal 17 (SIGCHLD) received from 23
2022/03/09 23:42:13 [notice] 1#1: worker process 23 exited with code 0
2022/03/09 23:42:13 [notice] 1#1: worker process 24 exited with code 0
2022/03/09 23:42:13 [notice] 1#1: exit
2022/03/09 23:42:14 [notice] 1#1: using the "epoll" event method
2022/03/09 23:42:14 [notice] 1#1: nginx/1.21.6
2022/03/09 23:42:14 [notice] 1#1: built by gcc 10.2.1 20210110 (Debian 10.2.1-6) 
2022/03/09 23:42:14 [notice] 1#1: OS: Linux 5.4.0-96-generic
2022/03/09 23:42:14 [notice] 1#1: getrlimit(RLIMIT_NOFILE): 1048576:1048576
2022/03/09 23:42:14 [notice] 1#1: start worker processes
2022/03/09 23:42:14 [notice] 1#1: start worker process 24
2022/03/09 23:42:14 [notice] 1#1: start worker process 25
2022/03/09 23:43:38 [notice] 1#1: signal 3 (SIGQUIT) received, shutting down
2022/03/09 23:43:38 [notice] 24#24: gracefully shutting down
2022/03/09 23:43:38 [notice] 24#24: exiting
2022/03/09 23:43:38 [notice] 24#24: exit
2022/03/09 23:43:38 [notice] 25#25: gracefully shutting down
2022/03/09 23:43:38 [notice] 25#25: exiting
2022/03/09 23:43:38 [notice] 25#25: exit
2022/03/09 23:43:38 [notice] 1#1: signal 17 (SIGCHLD) received from 24
2022/03/09 23:43:38 [notice] 1#1: worker process 24 exited with code 0
2022/03/09 23:43:38 [notice] 1#1: signal 29 (SIGIO) received
2022/03/09 23:43:38 [notice] 1#1: signal 17 (SIGCHLD) received from 25
2022/03/09 23:43:38 [notice] 1#1: worker process 25 exited with code 0
2022/03/09 23:43:38 [notice] 1#1: exit
